<?xml version="1.0" encoding="UTF-8"?>
<!-- Generated by org.testng.reporters.JUnitXMLReporter -->
<testsuite ignored="0" hostname="Yogi" failures="0" tests="3" name="Default test" time="81.865" errors="0" timestamp="2025-04-16T14:50:27 IST">
  <testcase classname="Contacts.ContractsScenariosTest" name="contacttest" time="16.205"/>
  <testcase classname="Contacts.ContractsScenariosTest" name="createConwithSupportdateTest" time="13.356"/>
  <testcase classname="Contacts.ContractsScenariosTest" name="createConwithorgTest" time="30.036"/>
</testsuite> <!-- Default test -->
