<?xml version="1.0" encoding="UTF-8"?>
<!-- Generated by org.testng.reporters.JUnitXMLReporter -->
<testsuite ignored="4" hostname="Yogi" failures="0" tests="2" name="Test" time="44.764" errors="0" timestamp="2025-04-19T15:03:42 IST">
  <testcase classname="Contacts.CreateContactWithSupportDateTest" name="createConwithSupportdateTest" time="16.098"/>
  <testcase classname="Contacts.CreateContactWithNameTest" name="contacttest" time="14.941"/>
  <testcase classname="BaseClassUtilitiy.BaseClass" name="@BeforeSuite beforeSuite" time="0.0">
    <ignored/>
  </testcase> <!-- @BeforeSuite beforeSuite -->
  <testcase classname="BaseClassUtilitiy.BaseClass" name="@BeforeTest beforeTest" time="0.0">
    <ignored/>
  </testcase> <!-- @BeforeTest beforeTest -->
  <testcase classname="BaseClassUtilitiy.BaseClass" name="@AfterTest afterTest" time="0.0">
    <ignored/>
  </testcase> <!-- @AfterTest afterTest -->
  <testcase classname="BaseClassUtilitiy.BaseClass" name="@AfterSuite afterSuite" time="0.0">
    <ignored/>
  </testcase> <!-- @AfterSuite afterSuite -->
</testsuite> <!-- Test -->
