<?xml version="1.0" encoding="UTF-8"?>
<!-- Generated by org.testng.reporters.JUnitXMLReporter -->
<testsuite ignored="0" hostname="Yogi" failures="0" tests="6" name="Test_Edge" time="187.722" errors="0" timestamp="2025-04-07T14:40:08 IST">
  <testcase classname="Organizations.CreateOrgWithIndustryType" name="organisationindustrytype" time="31.448"/>
  <testcase classname="Organizations.CreateOrganizationWithPhoneNumber" name="organisationphonenumber" time="28.316"/>
  <testcase classname="Contacts.CreateContactWithNmae" name="contacttest" time="27.527"/>
  <testcase classname="Organizations.CreateOrganisationWithName" name="organisationtest" time="28.923"/>
  <testcase classname="Contacts.CreateContactWithSupportDate" name="createConwithSupportdateTest" time="28.235"/>
  <testcase classname="Contacts.CreateContactWithOrg" name="createConwithorgTest" time="43.199"/>
</testsuite> <!-- Test_Edge -->
