<?xml version="1.0" encoding="UTF-8"?>
<!-- Generated by org.testng.reporters.JUnitXMLReporter -->
<testsuite ignored="0" hostname="Yogi" failures="0" tests="6" name="Test_crome" time="180.988" errors="0" timestamp="2025-04-07T14:40:01 IST">
  <testcase classname="Organizations.CreateOrgWithIndustryType" name="organisationindustrytype" time="30.285"/>
  <testcase classname="Organizations.CreateOrganizationWithPhoneNumber" name="organisationphonenumber" time="27.204"/>
  <testcase classname="Contacts.CreateContactWithNmae" name="contacttest" time="25.906"/>
  <testcase classname="Organizations.CreateOrganisationWithName" name="organisationtest" time="27.595"/>
  <testcase classname="Contacts.CreateContactWithSupportDate" name="createConwithSupportdateTest" time="26.644"/>
  <testcase classname="Contacts.CreateContactWithOrg" name="createConwithorgTest" time="43.278"/>
</testsuite> <!-- Test_crome -->
