<?xml version="1.0" encoding="UTF-8"?>
<!-- Generated by org.testng.reporters.JUnitXMLReporter -->
<testsuite ignored="0" hostname="Yogi" failures="0" tests="3" name="Test" time="79.181" errors="0" timestamp="2025-04-11T14:51:00 IST">
  <testcase classname="Contacts.ContractsScenariosTest" name="contacttest" time="15.714"/>
  <testcase classname="Contacts.ContractsScenariosTest" name="createConwithSupportdateTest" time="12.884"/>
  <testcase classname="Contacts.ContractsScenariosTest" name="createConwithorgTest" time="28.511"/>
</testsuite> <!-- Test -->
