<?xml version="1.0" encoding="UTF-8"?>
<testng-results ignored="0" total="3" passed="3" failed="0" skipped="0">
  <reporter-output>
    <line>
      <![CDATA[Report configuration]]>
    </line>
    <line>
      <![CDATA[Configure the DB:Connect]]>
    </line>
    <line>
      <![CDATA[BT:parallel Exe]]>
    </line>
    <line>
      <![CDATA[Launch the browser]]>
    </line>
    <line>
      <![CDATA[logout of the application]]>
    </line>
    <line>
      <![CDATA[contacttest--Started--]]>
    </line>
    <line>
      <![CDATA[contacttest--Success--]]>
    </line>
    <line>
      <![CDATA[Logout of the appln]]>
    </line>
    <line>
      <![CDATA[logout of the application]]>
    </line>
    <line>
      <![CDATA[createConwithSupportdateTest--Started--]]>
    </line>
    <line>
      <![CDATA[createConwithSupportdateTest--Success--]]>
    </line>
    <line>
      <![CDATA[Logout of the appln]]>
    </line>
    <line>
      <![CDATA[logout of the application]]>
    </line>
    <line>
      <![CDATA[createConwithorgTest--Started--]]>
    </line>
    <line>
      <![CDATA[Buchi Babu6153Test Pass]]>
    </line>
    <line>
      <![CDATA[createConwithorgTest--Success--]]>
    </line>
    <line>
      <![CDATA[Logout of the appln]]>
    </line>
    <line>
      <![CDATA[Close the Browser]]>
    </line>
    <line>
      <![CDATA[AT:Parllel exe]]>
    </line>
    <line>
      <![CDATA[Close the DataBase Connection]]>
    </line>
  </reporter-output>
  <suite started-at="2025-04-16T14:49:05 IST" name="Default suite" finished-at="2025-04-16T14:50:27 IST" duration-ms="81865">
    <groups>
    </groups>
    <test started-at="2025-04-16T14:49:05 IST" name="Default test" finished-at="2025-04-16T14:50:27 IST" duration-ms="81865">
      <class name="Contacts.ContractsScenariosTest">
        <test-method is-config="true" signature="beforeSuite()[pri:0, instance:Contacts.ContractsScenariosTest@5fbe4146]" started-at="2025-04-16T14:49:05 IST" name="beforeSuite" finished-at="2025-04-16T14:49:05 IST" duration-ms="15" status="PASS">
          <reporter-output>
            <line>
              <![CDATA[Configure the DB:Connect]]>
            </line>
          </reporter-output>
        </test-method> <!-- beforeSuite -->
        <test-method is-config="true" signature="beforeTest()[pri:0, instance:Contacts.ContractsScenariosTest@5fbe4146]" started-at="2025-04-16T14:49:05 IST" name="beforeTest" finished-at="2025-04-16T14:49:05 IST" duration-ms="0" status="PASS">
          <reporter-output>
            <line>
              <![CDATA[BT:parallel Exe]]>
            </line>
          </reporter-output>
        </test-method> <!-- beforeTest -->
        <test-method is-config="true" signature="beforeClass()[pri:0, instance:Contacts.ContractsScenariosTest@5fbe4146]" started-at="2025-04-16T14:49:05 IST" name="beforeClass" finished-at="2025-04-16T14:49:06 IST" duration-ms="1486" status="PASS">
          <reporter-output>
            <line>
              <![CDATA[Launch the browser]]>
            </line>
          </reporter-output>
        </test-method> <!-- beforeClass -->
        <test-method is-config="true" signature="beforeMethod()[pri:0, instance:Contacts.ContractsScenariosTest@5fbe4146]" started-at="2025-04-16T14:49:06 IST" name="beforeMethod" finished-at="2025-04-16T14:49:07 IST" duration-ms="1257" status="PASS">
          <reporter-output>
            <line>
              <![CDATA[logout of the application]]>
            </line>
          </reporter-output>
        </test-method> <!-- beforeMethod -->
        <test-method signature="contacttest()[pri:0, instance:Contacts.ContractsScenariosTest@5fbe4146]" started-at="2025-04-16T14:49:07 IST" name="contacttest" finished-at="2025-04-16T14:49:24 IST" duration-ms="16205" status="PASS">
          <reporter-output>
            <line>
              <![CDATA[contacttest--Started--]]>
            </line>
            <line>
              <![CDATA[contacttest--Success--]]>
            </line>
          </reporter-output>
        </test-method> <!-- contacttest -->
        <test-method is-config="true" signature="afterMethod()[pri:0, instance:Contacts.ContractsScenariosTest@5fbe4146]" started-at="2025-04-16T14:49:24 IST" name="afterMethod" finished-at="2025-04-16T14:49:28 IST" duration-ms="3982" status="PASS">
          <reporter-output>
            <line>
              <![CDATA[Logout of the appln]]>
            </line>
          </reporter-output>
        </test-method> <!-- afterMethod -->
        <test-method is-config="true" signature="beforeMethod()[pri:0, instance:Contacts.ContractsScenariosTest@5fbe4146]" started-at="2025-04-16T14:49:28 IST" name="beforeMethod" finished-at="2025-04-16T14:49:31 IST" duration-ms="3347" status="PASS">
          <reporter-output>
            <line>
              <![CDATA[logout of the application]]>
            </line>
          </reporter-output>
        </test-method> <!-- beforeMethod -->
        <test-method signature="createConwithSupportdateTest()[pri:0, instance:Contacts.ContractsScenariosTest@5fbe4146]" started-at="2025-04-16T14:49:31 IST" name="createConwithSupportdateTest" finished-at="2025-04-16T14:49:44 IST" duration-ms="13356" status="PASS">
          <reporter-output>
            <line>
              <![CDATA[createConwithSupportdateTest--Started--]]>
            </line>
            <line>
              <![CDATA[createConwithSupportdateTest--Success--]]>
            </line>
          </reporter-output>
        </test-method> <!-- createConwithSupportdateTest -->
        <test-method is-config="true" signature="afterMethod()[pri:0, instance:Contacts.ContractsScenariosTest@5fbe4146]" started-at="2025-04-16T14:49:44 IST" name="afterMethod" finished-at="2025-04-16T14:49:48 IST" duration-ms="4085" status="PASS">
          <reporter-output>
            <line>
              <![CDATA[Logout of the appln]]>
            </line>
          </reporter-output>
        </test-method> <!-- afterMethod -->
        <test-method is-config="true" signature="beforeMethod()[pri:0, instance:Contacts.ContractsScenariosTest@5fbe4146]" started-at="2025-04-16T14:49:48 IST" name="beforeMethod" finished-at="2025-04-16T14:49:52 IST" duration-ms="3397" status="PASS">
          <reporter-output>
            <line>
              <![CDATA[logout of the application]]>
            </line>
          </reporter-output>
        </test-method> <!-- beforeMethod -->
        <test-method signature="createConwithorgTest()[pri:0, instance:Contacts.ContractsScenariosTest@5fbe4146]" started-at="2025-04-16T14:49:52 IST" name="createConwithorgTest" finished-at="2025-04-16T14:50:22 IST" duration-ms="30036" status="PASS">
          <reporter-output>
            <line>
              <![CDATA[createConwithorgTest--Started--]]>
            </line>
            <line>
              <![CDATA[Buchi Babu6153Test Pass]]>
            </line>
            <line>
              <![CDATA[createConwithorgTest--Success--]]>
            </line>
          </reporter-output>
        </test-method> <!-- createConwithorgTest -->
        <test-method is-config="true" signature="afterMethod()[pri:0, instance:Contacts.ContractsScenariosTest@5fbe4146]" started-at="2025-04-16T14:50:22 IST" name="afterMethod" finished-at="2025-04-16T14:50:26 IST" duration-ms="4422" status="PASS">
          <reporter-output>
            <line>
              <![CDATA[Logout of the appln]]>
            </line>
          </reporter-output>
        </test-method> <!-- afterMethod -->
        <test-method is-config="true" signature="afterClass()[pri:0, instance:Contacts.ContractsScenariosTest@5fbe4146]" started-at="2025-04-16T14:50:26 IST" name="afterClass" finished-at="2025-04-16T14:50:27 IST" duration-ms="236" status="PASS">
          <reporter-output>
            <line>
              <![CDATA[Close the Browser]]>
            </line>
          </reporter-output>
        </test-method> <!-- afterClass -->
        <test-method is-config="true" signature="afterTest()[pri:0, instance:Contacts.ContractsScenariosTest@5fbe4146]" started-at="2025-04-16T14:50:27 IST" name="afterTest" finished-at="2025-04-16T14:50:27 IST" duration-ms="0" status="PASS">
          <reporter-output>
            <line>
              <![CDATA[AT:Parllel exe]]>
            </line>
          </reporter-output>
        </test-method> <!-- afterTest -->
        <test-method is-config="true" signature="afterSuite()[pri:0, instance:Contacts.ContractsScenariosTest@5fbe4146]" started-at="2025-04-16T14:50:27 IST" name="afterSuite" finished-at="2025-04-16T14:50:27 IST" duration-ms="8" status="PASS">
          <reporter-output>
            <line>
              <![CDATA[Close the DataBase Connection]]>
            </line>
          </reporter-output>
        </test-method> <!-- afterSuite -->
      </class> <!-- Contacts.ContractsScenariosTest -->
    </test> <!-- Default test -->
  </suite> <!-- Default suite -->
</testng-results>
